<?xml version="1.0" encoding="UTF-8"?>
<!-- Generated by org.testng.reporters.JUnitReportReporter -->
<testsuite hostname="LAPTOP-SQM87BBJ" failures="0" tests="1" name="login.Login" time="17.635" errors="0" timestamp="16 Apr 2020 18:12:12 GMT" skipped="0">
  <testcase classname="login.Login" name="loginWithInvalidPassword" time="17.635"/>
</testsuite> <!-- login.Login -->
